<?xml version="1.0" encoding="UTF-8"?>
<!-- Generated by org.testng.reporters.JUnitXMLReporter -->
<testsuite ignored="2" hostname="DESKTOP-TLNRS9C" failures="0" tests="1" name="Default test" time="0.119" errors="0" timestamp="2024-06-02T13:56:49 IST">
  <testcase classname="com.learning_testNG.Priority_Annotation" name="login" time="0.026"/>
  <testcase classname="com.learning_testNG.Priority_Annotation" name="register" time="0.0">
    <ignored/>
  </testcase> <!-- register -->
  <testcase classname="com.learning_testNG.Priority_Annotation" name="addToCartTest" time="0.0">
    <ignored/>
  </testcase> <!-- addToCartTest -->
</testsuite> <!-- Default test -->
