<?xml version="1.0" encoding="UTF-8"?>
<!-- Generated by org.testng.reporters.JUnitXMLReporter -->
<testsuite ignored="9" hostname="DESKTOP-TLNRS9C" failures="0" tests="1" name="Default test" time="25.47" errors="0" timestamp="2024-06-15T22:58:32 IST">
  <testcase classname="practice_zero_to_hero.PracticeZeroToHero" name="iframe" time="25.115"/>
  <testcase classname="practice_zero_to_hero.PracticeZeroToHero" name="explicitwait" time="0.0">
    <ignored/>
  </testcase> <!-- explicitwait -->
  <testcase classname="practice_zero_to_hero.PracticeZeroToHero" name="JavaScript2" time="0.0">
    <ignored/>
  </testcase> <!-- JavaScript2 -->
  <testcase classname="practice_zero_to_hero.PracticeZeroToHero" name="takescreenshot_webelement" time="0.0">
    <ignored/>
  </testcase> <!-- takescreenshot_webelement -->
  <testcase classname="practice_zero_to_hero.PracticeZeroToHero" name="JavaScript3" time="0.0">
    <ignored/>
  </testcase> <!-- JavaScript3 -->
  <testcase classname="practice_zero_to_hero.PracticeZeroToHero" name="JavaScript" time="0.0">
    <ignored/>
  </testcase> <!-- JavaScript -->
  <testcase classname="practice_zero_to_hero.PracticeZeroToHero" name="Right_Click" time="0.0">
    <ignored/>
  </testcase> <!-- Right_Click -->
  <testcase classname="practice_zero_to_hero.PracticeZeroToHero" name="takescreenshot" time="0.0">
    <ignored/>
  </testcase> <!-- takescreenshot -->
  <testcase classname="practice_zero_to_hero.PracticeZeroToHero" name="implicitWait" time="0.0">
    <ignored/>
  </testcase> <!-- implicitWait -->
  <testcase classname="practice_zero_to_hero.PracticeZeroToHero" name="buildPerform" time="0.0">
    <ignored/>
  </testcase> <!-- buildPerform -->
</testsuite> <!-- Default test -->
