<?xml version="1.0" encoding="UTF-8"?>
<testng-results ignored="2" total="3" passed="1" failed="0" skipped="0">
  <reporter-output>
    <line>
      <![CDATA[executing login test priority -1]]>
    </line>
  </reporter-output>
  <suite started-at="2024-06-02T13:56:49 IST" name="Default suite" finished-at="2024-06-02T13:56:49 IST" duration-ms="119">
    <groups>
    </groups>
    <test started-at="2024-06-02T13:56:49 IST" name="Default test" finished-at="2024-06-02T13:56:49 IST" duration-ms="119">
      <class name="com.learning_testNG.Priority_Annotation">
        <test-method signature="login()[pri:-1, instance:com.learning_testNG.Priority_Annotation@7334aada]" started-at="2024-06-02T13:56:49 IST" name="login" finished-at="2024-06-02T13:56:49 IST" duration-ms="26" status="PASS">
          <reporter-output>
            <line>
              <![CDATA[executing login test priority -1]]>
            </line>
          </reporter-output>
        </test-method> <!-- login -->
      </class> <!-- com.learning_testNG.Priority_Annotation -->
    </test> <!-- Default test -->
  </suite> <!-- Default suite -->
</testng-results>
